Phase2/GameCenter/app/build/intermediates/manifest_merge_blame_file/debug/manifest-merger-blame-debug-report.txt
1<?xml version="1.0" encoding="utf-8"?>
2<manifest xmlns:android="http://schemas.android.com/apk/res/android"
3    package="fall2018.csc207project.slidingtilegame"
4    android:versionCode="1"
5    android:versionName="1.0" >
6
7    <uses-sdk
8        android:minSdkVersion="26"
8-->src\main\AndroidManifest.xml
9        android:targetSdkVersion="26" />
9-->src\main\AndroidManifest.xml
10
11    <uses-permission android:name="android.permission.READ_EXTERNAL_STORAGE" />
11-->src\main\AndroidManifest.xml:5:5-79
11-->src\main\AndroidManifest.xml:5:22-77
12
13    <!-- Although the *SdkVersion is captured in gradle build files, this is required for non gradle builds -->
14    <!-- <uses-sdk android:minSdkVersion="14"/> -->
15    <uses-permission android:name="android.permission.ACCESS_NETWORK_STATE" />
15-->[com.google.firebase:firebase-storage:19.0.0] AndroidManifest.xml:26:5-79
15-->[com.google.firebase:firebase-storage:19.0.0] AndroidManifest.xml:26:22-76
16    <uses-permission android:name="android.permission.INTERNET" />
16-->[com.google.firebase:firebase-storage:19.0.0] AndroidManifest.xml:27:5-67
16-->[com.google.firebase:firebase-storage:19.0.0] AndroidManifest.xml:27:22-64
17
18    <application
18-->src\main\AndroidManifest.xml:6:5-40:19
19        android:allowBackup="true"
19-->src\main\AndroidManifest.xml:7:9-35
20        android:appComponentFactory="androidx.core.app.CoreComponentFactory"
20-->[androidx.core:core:1.0.0] AndroidManifest.xml:22:18-86
21        android:debuggable="true"
22        android:icon="@mipmap/ic_launcher"
22-->src\main\AndroidManifest.xml:8:9-43
23        android:label="@string/app_name"
23-->src\main\AndroidManifest.xml:9:9-41
24        android:roundIcon="@mipmap/ic_launcher_round"
24-->src\main\AndroidManifest.xml:10:9-54
25        android:supportsRtl="true"
25-->src\main\AndroidManifest.xml:11:9-35
26        android:testOnly="true"
27        android:theme="@style/AppTheme" >
27-->src\main\AndroidManifest.xml:12:9-40
28        <activity android:name="fall2018.csc207project.Views.GlobalActivity" >
28-->src\main\AndroidManifest.xml:13:9-19:20
28-->src\main\AndroidManifest.xml:13:19-77
29            <intent-filter>
29-->src\main\AndroidManifest.xml:14:13-18:29
30                <action android:name="android.intent.action.MAIN" />
30-->src\main\AndroidManifest.xml:15:17-69
30-->src\main\AndroidManifest.xml:15:25-66
31
32                <category android:name="android.intent.category.LAUNCHER" />
32-->src\main\AndroidManifest.xml:17:17-77
32-->src\main\AndroidManifest.xml:17:27-74
33            </intent-filter>
34        </activity>
35        <activity android:name="fall2018.csc207project.Views.LocalGameCenterActivity" />
35-->src\main\AndroidManifest.xml:20:9-89
35-->src\main\AndroidManifest.xml:20:19-86
36        <activity android:name="fall2018.csc207project.Views.GameListActivity" />
36-->src\main\AndroidManifest.xml:21:9-82
36-->src\main\AndroidManifest.xml:21:19-79
37        <activity android:name="fall2018.csc207project.SlidingTile.Controllers.StartingActivity" />
37-->src\main\AndroidManifest.xml:22:9-100
37-->src\main\AndroidManifest.xml:22:19-97
38        <activity android:name="fall2018.csc207project.SlidingTile.Controllers.ScoreBoardActivity" />
38-->src\main\AndroidManifest.xml:23:9-102
38-->src\main\AndroidManifest.xml:23:19-99
39        <activity android:name="fall2018.csc207project.Views.GlobalSignInActivity" />
39-->src\main\AndroidManifest.xml:24:9-86
39-->src\main\AndroidManifest.xml:24:19-83
40        <activity android:name="fall2018.csc207project.Views.GlobalSignUpActivity" />
40-->src\main\AndroidManifest.xml:25:9-86
40-->src\main\AndroidManifest.xml:25:19-83
41        <activity android:name="fall2018.csc207project.SlidingTile.Controllers.ComplexityActivity" />
41-->src\main\AndroidManifest.xml:26:9-102
41-->src\main\AndroidManifest.xml:26:19-99
42        <activity android:name="fall2018.csc207project.SlidingTile.Views.GameActivity" />
42-->src\main\AndroidManifest.xml:27:9-90
42-->src\main\AndroidManifest.xml:27:19-87
43        <activity android:name="fall2018.csc207project.Memorization.Views.MemoStartingActivity" />
43-->src\main\AndroidManifest.xml:28:9-77
43-->src\main\AndroidManifest.xml:28:19-74
44        <activity android:name="fall2018.csc207project.PushTheBox.View.BoxStartingActivity" />
44-->src\main\AndroidManifest.xml:29:9-73
44-->src\main\AndroidManifest.xml:29:19-70
45        <activity android:name="fall2018.csc207project.PushTheBox.View.BoxGameActivity" />
45-->src\main\AndroidManifest.xml:30:9-68
45-->src\main\AndroidManifest.xml:30:19-66
46        <activity
46-->src\main\AndroidManifest.xml:31:9-32:66
47            android:name="fall2018.csc207project.PushTheBox.View.LevelActivity"
47-->src\main\AndroidManifest.xml:31:19-64
48            android:windowSoftInputMode="adjustPan|stateHidden" />
48-->src\main\AndroidManifest.xml:32:13-64
49        <activity android:name="fall2018.csc207project.Memorization.Views.MemoComplexActivity" />
49-->src\main\AndroidManifest.xml:33:9-76
49-->src\main\AndroidManifest.xml:33:19-73
50        <activity android:name="fall2018.csc207project.Memorization.Views.MemoGameActivity" />
50-->src\main\AndroidManifest.xml:34:9-73
50-->src\main\AndroidManifest.xml:34:19-70
51        <activity android:name="fall2018.csc207project.Views.ManageSaveActivity" />
51-->src\main\AndroidManifest.xml:35:9-84
51-->src\main\AndroidManifest.xml:35:19-81
52        <activity android:name="fall2018.csc207project.PushTheBox.View.BoxScoreBoardActivity" />
52-->src\main\AndroidManifest.xml:36:9-75
52-->src\main\AndroidManifest.xml:36:19-72
53        <activity android:name="fall2018.csc207project.Memorization.Views.MemoScoreBoardActivity" />
53-->src\main\AndroidManifest.xml:37:9-79
53-->src\main\AndroidManifest.xml:37:19-76
54        <activity
54-->src\main\AndroidManifest.xml:38:9-39:58
55            android:name="com.theartofdev.edmodo.cropper.CropImageActivity"
55-->src\main\AndroidManifest.xml:38:19-82
56            android:theme="@style/Base.Theme.AppCompat" />
56-->src\main\AndroidManifest.xml:39:13-56
57        <activity
57-->[com.google.firebase:firebase-auth:19.0.0] AndroidManifest.xml:24:9-31:50
58            android:name="com.google.firebase.auth.internal.FederatedSignInActivity"
58-->[com.google.firebase:firebase-auth:19.0.0] AndroidManifest.xml:25:13-85
59            android:excludeFromRecents="true"
59-->[com.google.firebase:firebase-auth:19.0.0] AndroidManifest.xml:26:13-46
60            android:exported="true"
60-->[com.google.firebase:firebase-auth:19.0.0] AndroidManifest.xml:27:13-36
61            android:launchMode="singleTask"
61-->[com.google.firebase:firebase-auth:19.0.0] AndroidManifest.xml:28:13-44
62            android:permission="com.google.firebase.auth.api.gms.permission.LAUNCH_FEDERATED_SIGN_IN"
62-->[com.google.firebase:firebase-auth:19.0.0] AndroidManifest.xml:29:13-102
63            android:theme="@android:style/Theme.Translucent.NoTitleBar" />
63-->[com.google.firebase:firebase-auth:19.0.0] AndroidManifest.xml:30:13-72
64
65        <service
65-->[com.google.firebase:firebase-auth:19.0.0] AndroidManifest.xml:33:9-39:19
66            android:name="com.google.firebase.components.ComponentDiscoveryService"
66-->[com.google.firebase:firebase-auth:19.0.0] AndroidManifest.xml:34:13-84
67            android:exported="false" >
67-->[com.google.firebase:firebase-auth:19.0.0] AndroidManifest.xml:35:13-37
68            <meta-data
68-->[com.google.firebase:firebase-auth:19.0.0] AndroidManifest.xml:36:13-38:85
69                android:name="com.google.firebase.components:com.google.firebase.auth.FirebaseAuthRegistrar"
69-->[com.google.firebase:firebase-auth:19.0.0] AndroidManifest.xml:37:17-109
70                android:value="com.google.firebase.components.ComponentRegistrar" />
70-->[com.google.firebase:firebase-auth:19.0.0] AndroidManifest.xml:38:17-82
71            <meta-data
71-->[com.google.firebase:firebase-storage:19.0.0] AndroidManifest.xml:33:13-35:85
72                android:name="com.google.firebase.components:com.google.firebase.storage.StorageRegistrar"
72-->[com.google.firebase:firebase-storage:19.0.0] AndroidManifest.xml:34:17-107
73                android:value="com.google.firebase.components.ComponentRegistrar" />
73-->[com.google.firebase:firebase-storage:19.0.0] AndroidManifest.xml:35:17-82
74            <meta-data
74-->[com.google.firebase:firebase-firestore:21.0.0] AndroidManifest.xml:20:13-22:85
75                android:name="com.google.firebase.components:com.google.firebase.firestore.FirestoreRegistrar"
75-->[com.google.firebase:firebase-firestore:21.0.0] AndroidManifest.xml:21:17-111
76                android:value="com.google.firebase.components.ComponentRegistrar" />
76-->[com.google.firebase:firebase-firestore:21.0.0] AndroidManifest.xml:22:17-82
77        </service>
78
79        <activity
79-->[com.google.android.gms:play-services-auth:17.0.0] AndroidManifest.xml:23:9-27:75
80            android:name="com.google.android.gms.auth.api.signin.internal.SignInHubActivity"
80-->[com.google.android.gms:play-services-auth:17.0.0] AndroidManifest.xml:24:13-93
81            android:excludeFromRecents="true"
81-->[com.google.android.gms:play-services-auth:17.0.0] AndroidManifest.xml:25:13-46
82            android:exported="false"
82-->[com.google.android.gms:play-services-auth:17.0.0] AndroidManifest.xml:26:13-37
83            android:theme="@android:style/Theme.Translucent.NoTitleBar" />
83-->[com.google.android.gms:play-services-auth:17.0.0] AndroidManifest.xml:27:13-72
84        <!--
85            Service handling Google Sign-In user revocation. For apps that do not integrate with
86            Google Sign-In, this service will never be started.
87        -->
88        <service
88-->[com.google.android.gms:play-services-auth:17.0.0] AndroidManifest.xml:33:9-36:110
89            android:name="com.google.android.gms.auth.api.signin.RevocationBoundService"
89-->[com.google.android.gms:play-services-auth:17.0.0] AndroidManifest.xml:34:13-89
90            android:exported="true"
90-->[com.google.android.gms:play-services-auth:17.0.0] AndroidManifest.xml:35:13-36
91            android:permission="com.google.android.gms.auth.api.signin.permission.REVOCATION_NOTIFICATION" />
91-->[com.google.android.gms:play-services-auth:17.0.0] AndroidManifest.xml:36:13-107
92
93        <activity
93-->[com.google.android.gms:play-services-base:17.1.0] AndroidManifest.xml:23:9-26:75
94            android:name="com.google.android.gms.common.api.GoogleApiActivity"
94-->[com.google.android.gms:play-services-base:17.1.0] AndroidManifest.xml:24:13-79
95            android:exported="false"
95-->[com.google.android.gms:play-services-base:17.1.0] AndroidManifest.xml:25:13-37
96            android:theme="@android:style/Theme.Translucent.NoTitleBar" />
96-->[com.google.android.gms:play-services-base:17.1.0] AndroidManifest.xml:26:13-72
97
98        <provider
98-->[com.google.firebase:firebase-common:19.0.0] AndroidManifest.xml:12:9-16:39
99            android:name="com.google.firebase.provider.FirebaseInitProvider"
99-->[com.google.firebase:firebase-common:19.0.0] AndroidManifest.xml:13:13-77
100            android:authorities="fall2018.csc207project.slidingtilegame.firebaseinitprovider"
100-->[com.google.firebase:firebase-common:19.0.0] AndroidManifest.xml:14:13-72
101            android:exported="false"
101-->[com.google.firebase:firebase-common:19.0.0] AndroidManifest.xml:15:13-37
102            android:initOrder="100" />
102-->[com.google.firebase:firebase-common:19.0.0] AndroidManifest.xml:16:13-36
103
104        <meta-data
104-->[com.google.android.gms:play-services-basement:17.0.0] AndroidManifest.xml:23:9-25:69
105            android:name="com.google.android.gms.version"
105-->[com.google.android.gms:play-services-basement:17.0.0] AndroidManifest.xml:24:13-58
106            android:value="@integer/google_play_services_version" />
106-->[com.google.android.gms:play-services-basement:17.0.0] AndroidManifest.xml:25:13-66
107    </application>
108
109</manifest>